<?xml version="1.0" encoding="UTF-8"?>
<testng-results ignored="0" total="3" passed="3" failed="0" skipped="0">
  <reporter-output>
  </reporter-output>
  <suite started-at="2023-09-13T19:58:02 BDT" name="Default suite" finished-at="2023-09-13T19:59:21 BDT" duration-ms="79094">
    <groups>
    </groups>
    <test started-at="2023-09-13T19:58:02 BDT" name="Default test" finished-at="2023-09-13T19:59:21 BDT" duration-ms="79094">
      <class name="ShohozBusSearch.ShohozBusSearch">
        <test-method is-config="true" signature="BrowserSetup()[pri:0, instance:ShohozBusSearch.ShohozBusSearch@65fb9ffc]" started-at="2023-09-13T19:58:02 BDT" name="BrowserSetup" finished-at="2023-09-13T19:58:21 BDT" duration-ms="18319" status="PASS">
          <reporter-output>
          </reporter-output>
        </test-method> <!-- BrowserSetup -->
        <test-method signature="VerifyUrl()[pri:1, instance:ShohozBusSearch.ShohozBusSearch@65fb9ffc]" started-at="2023-09-13T19:58:21 BDT" name="VerifyUrl" finished-at="2023-09-13T19:58:21 BDT" duration-ms="12" status="PASS">
          <reporter-output>
          </reporter-output>
        </test-method> <!-- VerifyUrl -->
        <test-method is-config="true" signature="BrowserClose()[pri:0, instance:ShohozBusSearch.ShohozBusSearch@65fb9ffc]" started-at="2023-09-13T19:58:21 BDT" name="BrowserClose" finished-at="2023-09-13T19:58:23 BDT" duration-ms="2126" status="PASS">
          <reporter-output>
          </reporter-output>
        </test-method> <!-- BrowserClose -->
        <test-method is-config="true" signature="BrowserSetup()[pri:0, instance:ShohozBusSearch.ShohozBusSearch@65fb9ffc]" started-at="2023-09-13T19:58:23 BDT" name="BrowserSetup" finished-at="2023-09-13T19:58:37 BDT" duration-ms="14446" status="PASS">
          <reporter-output>
          </reporter-output>
        </test-method> <!-- BrowserSetup -->
        <test-method signature="VerifyTitle()[pri:2, instance:ShohozBusSearch.ShohozBusSearch@65fb9ffc]" started-at="2023-09-13T19:58:37 BDT" name="VerifyTitle" finished-at="2023-09-13T19:58:37 BDT" duration-ms="7" status="PASS">
          <reporter-output>
          </reporter-output>
        </test-method> <!-- VerifyTitle -->
        <test-method is-config="true" signature="BrowserClose()[pri:0, instance:ShohozBusSearch.ShohozBusSearch@65fb9ffc]" started-at="2023-09-13T19:58:37 BDT" name="BrowserClose" finished-at="2023-09-13T19:58:39 BDT" duration-ms="2133" status="PASS">
          <reporter-output>
          </reporter-output>
        </test-method> <!-- BrowserClose -->
        <test-method is-config="true" signature="BrowserSetup()[pri:0, instance:ShohozBusSearch.ShohozBusSearch@65fb9ffc]" started-at="2023-09-13T19:58:39 BDT" name="BrowserSetup" finished-at="2023-09-13T19:58:54 BDT" duration-ms="14388" status="PASS">
          <reporter-output>
          </reporter-output>
        </test-method> <!-- BrowserSetup -->
        <test-method signature="BusSearch()[pri:3, instance:ShohozBusSearch.ShohozBusSearch@65fb9ffc]" started-at="2023-09-13T19:58:54 BDT" name="BusSearch" finished-at="2023-09-13T19:59:19 BDT" duration-ms="25470" status="PASS">
          <reporter-output>
          </reporter-output>
        </test-method> <!-- BusSearch -->
        <test-method is-config="true" signature="BrowserClose()[pri:0, instance:ShohozBusSearch.ShohozBusSearch@65fb9ffc]" started-at="2023-09-13T19:59:19 BDT" name="BrowserClose" finished-at="2023-09-13T19:59:21 BDT" duration-ms="2153" status="PASS">
          <reporter-output>
          </reporter-output>
        </test-method> <!-- BrowserClose -->
      </class> <!-- ShohozBusSearch.ShohozBusSearch -->
    </test> <!-- Default test -->
  </suite> <!-- Default suite -->
</testng-results>
