<?xml version="1.0" encoding="UTF-8"?>
<!-- Generated by org.testng.reporters.JUnitXMLReporter -->
<testsuite ignored="0" hostname="DESKTOP-A2R8RVN" failures="0" tests="3" name="Default test" time="79.094" errors="0" timestamp="2023-09-13T19:59:21 BDT">
  <testcase classname="ShohozBusSearch.ShohozBusSearch" name="VerifyUrl" time="0.012"/>
  <testcase classname="ShohozBusSearch.ShohozBusSearch" name="VerifyTitle" time="0.007"/>
  <testcase classname="ShohozBusSearch.ShohozBusSearch" name="BusSearch" time="25.47"/>
</testsuite> <!-- Default test -->
